[debug] [2021-07-10T06:16:45.182Z] ----------------------------------------------------------------------
[debug] [2021-07-10T06:16:45.184Z] Command:       /usr/local/bin/node /usr/local/bin/firebase deploy
[debug] [2021-07-10T06:16:45.185Z] CLI Version:   9.14.0
[debug] [2021-07-10T06:16:45.185Z] Platform:      linux
[debug] [2021-07-10T06:16:45.185Z] Node Version:  v16.4.0
[debug] [2021-07-10T06:16:45.185Z] Time:          Sat Jul 10 2021 12:16:45 GMT+0600 (East Kazakhstan Time)
[debug] [2021-07-10T06:16:45.185Z] ----------------------------------------------------------------------
[debug] 
[debug] [2021-07-10T06:16:45.195Z] > command requires scopes: ["email","openid","https://www.googleapis.com/auth/cloudplatformprojects.readonly","https://www.googleapis.com/auth/firebase","https://www.googleapis.com/auth/cloud-platform"]
[debug] [2021-07-10T06:16:45.195Z] > authorizing via signed-in user (tri3plet@gmail.com)
[debug] [2021-07-10T06:16:45.195Z] [iam] checking project planner-1487f for permissions ["firebase.projects.get","firebasehosting.sites.update"]
[debug] [2021-07-10T06:16:45.197Z] > refreshing access token with scopes: ["email","https://www.googleapis.com/auth/cloud-platform","https://www.googleapis.com/auth/cloudplatformprojects.readonly","https://www.googleapis.com/auth/firebase","openid"]
[debug] [2021-07-10T06:16:45.198Z] >>> HTTP REQUEST POST https://www.googleapis.com/oauth2/v3/token  
 <request body omitted>
[debug] [2021-07-10T06:16:45.887Z] <<< HTTP RESPONSE 200 {"expires":"Mon, 01 Jan 1990 00:00:00 GMT","cache-control":"no-cache, no-store, max-age=0, must-revalidate","date":"Sat, 10 Jul 2021 06:16:45 GMT","pragma":"no-cache","content-type":"application/json; charset=utf-8","vary":"X-Origin, Referer, Origin,Accept-Encoding","server":"scaffolding on HTTPServer2","x-xss-protection":"0","x-frame-options":"SAMEORIGIN","x-content-type-options":"nosniff","alt-svc":"h3=\":443\"; ma=2592000,h3-29=\":443\"; ma=2592000,h3-T051=\":443\"; ma=2592000,h3-Q050=\":443\"; ma=2592000,h3-Q046=\":443\"; ma=2592000,h3-Q043=\":443\"; ma=2592000,quic=\":443\"; ma=2592000; v=\"46,43\"","accept-ranges":"none","transfer-encoding":"chunked"}
[debug] [2021-07-10T06:16:45.901Z] >>> HTTP REQUEST POST https://cloudresourcemanager.googleapis.com/v1/projects/planner-1487f:testIamPermissions  
 {"permissions":["firebase.projects.get","firebasehosting.sites.update"]}
[debug] [2021-07-10T06:16:47.189Z] <<< HTTP RESPONSE 200 {"content-type":"application/json; charset=UTF-8","vary":"X-Origin, Referer, Origin,Accept-Encoding","date":"Sat, 10 Jul 2021 06:16:46 GMT","server":"ESF","cache-control":"private","x-xss-protection":"0","x-frame-options":"SAMEORIGIN","x-content-type-options":"nosniff","server-timing":"gfet4t7; dur=581","alt-svc":"h3=\":443\"; ma=2592000,h3-29=\":443\"; ma=2592000,h3-T051=\":443\"; ma=2592000,h3-Q050=\":443\"; ma=2592000,h3-Q046=\":443\"; ma=2592000,h3-Q043=\":443\"; ma=2592000,quic=\":443\"; ma=2592000; v=\"46,43\"","accept-ranges":"none","transfer-encoding":"chunked"}
[debug] [2021-07-10T06:16:47.194Z] > refreshing access token with scopes: []
[debug] [2021-07-10T06:16:47.194Z] >>> HTTP REQUEST POST https://www.googleapis.com/oauth2/v3/token  
 <request body omitted>
[debug] [2021-07-10T06:16:47.801Z] <<< HTTP RESPONSE 200 {"cache-control":"no-cache, no-store, max-age=0, must-revalidate","date":"Sat, 10 Jul 2021 06:16:47 GMT","expires":"Mon, 01 Jan 1990 00:00:00 GMT","pragma":"no-cache","content-type":"application/json; charset=utf-8","vary":"X-Origin, Referer, Origin,Accept-Encoding","server":"scaffolding on HTTPServer2","x-xss-protection":"0","x-frame-options":"SAMEORIGIN","x-content-type-options":"nosniff","alt-svc":"h3=\":443\"; ma=2592000,h3-29=\":443\"; ma=2592000,h3-T051=\":443\"; ma=2592000,h3-Q050=\":443\"; ma=2592000,h3-Q046=\":443\"; ma=2592000,h3-Q043=\":443\"; ma=2592000,quic=\":443\"; ma=2592000; v=\"46,43\"","accept-ranges":"none","transfer-encoding":"chunked"}
[debug] [2021-07-10T06:16:47.817Z] >>> [apiv2][query] GET https://firebase.googleapis.com/v1beta1/projects/planner-1487f [none]
[debug] [2021-07-10T06:16:48.667Z] <<< [apiv2][status] GET https://firebase.googleapis.com/v1beta1/projects/planner-1487f 200
[debug] [2021-07-10T06:16:48.668Z] <<< [apiv2][body] GET https://firebase.googleapis.com/v1beta1/projects/planner-1487f {"projectId":"planner-1487f","projectNumber":"435749087460","displayName":"planner","name":"projects/planner-1487f","resources":{"hostingSite":"planner-1487f","realtimeDatabaseInstance":"planner-1487f-default-rtdb"},"state":"ACTIVE"}
[info] 
[info] === Deploying to 'planner-1487f'...
[info] 
[info] i  deploying hosting 
[debug] [2021-07-10T06:16:48.677Z] > refreshing access token with scopes: ["email","https://www.googleapis.com/auth/cloud-platform","https://www.googleapis.com/auth/cloudplatformprojects.readonly","https://www.googleapis.com/auth/firebase","openid"]
[debug] [2021-07-10T06:16:48.677Z] >>> HTTP REQUEST POST https://www.googleapis.com/oauth2/v3/token  
 <request body omitted>
[debug] [2021-07-10T06:16:49.337Z] <<< HTTP RESPONSE 200 {"date":"Sat, 10 Jul 2021 06:16:49 GMT","expires":"Mon, 01 Jan 1990 00:00:00 GMT","cache-control":"no-cache, no-store, max-age=0, must-revalidate","pragma":"no-cache","content-type":"application/json; charset=utf-8","vary":"X-Origin, Referer, Origin,Accept-Encoding","server":"scaffolding on HTTPServer2","x-xss-protection":"0","x-frame-options":"SAMEORIGIN","x-content-type-options":"nosniff","alt-svc":"h3=\":443\"; ma=2592000,h3-29=\":443\"; ma=2592000,h3-T051=\":443\"; ma=2592000,h3-Q050=\":443\"; ma=2592000,h3-Q046=\":443\"; ma=2592000,h3-Q043=\":443\"; ma=2592000,quic=\":443\"; ma=2592000; v=\"46,43\"","accept-ranges":"none","transfer-encoding":"chunked"}
[debug] [2021-07-10T06:16:49.343Z] >>> HTTP REQUEST POST https://firebasehosting.googleapis.com/v1beta1/sites/planner-1487f/versions  
 {"config":{"rewrites":[{"glob":"**","path":"/index.html"}]},"labels":{"deployment-tool":"cli-firebase"}}
[debug] [2021-07-10T06:18:59.704Z] Error: connect ETIMEDOUT 172.217.168.202:443
    at TCPConnectWrap.afterConnect [as oncomplete] (node:net:1132:16)
[error] 
[error] Error: Server Error. connect ETIMEDOUT 172.217.168.202:443
